{"__type":"$$EventMessageWorkflow","id":"87401d20-6083-4dd5-9032-003f9b2026ed","ts":"2025-06-03T02:52:22.850+00:00","eventName":"n8n.workflow.started","message":"n8n.workflow.started","payload":{"executionId":"21","workflowId":"hlHXFmE1gKadaQ7z","isManual":false,"workflowName":"challenge_workflow_2025_06_18"}}
{"__type":"$$EventMessageConfirm","confirm":"87401d20-6083-4dd5-9032-003f9b2026ed","ts":"2025-06-03T02:52:22.851+00:00","source":{"id":"0","name":"eventBus"}}
{"__type":"$$EventMessageNode","id":"5efc95a9-af87-4489-8f1e-d969ddd160bc","ts":"2025-06-03T02:52:22.854+00:00","eventName":"n8n.node.started","message":"n8n.node.started","payload":{"workflowId":"hlHXFmE1gKadaQ7z","workflowName":"challenge_workflow_2025_06_18","executionId":"21","nodeType":"n8n-nodes-base.manualTrigger","nodeName":"When clicking ‘Execute workflow’"}}
{"__type":"$$EventMessageConfirm","confirm":"5efc95a9-af87-4489-8f1e-d969ddd160bc","ts":"2025-06-03T02:52:22.854+00:00","source":{"id":"0","name":"eventBus"}}
{"__type":"$$EventMessageNode","id":"b9a01caa-76d7-4432-890f-ede5135dcf8c","ts":"2025-06-03T02:52:22.862+00:00","eventName":"n8n.node.finished","message":"n8n.node.finished","payload":{"workflowId":"hlHXFmE1gKadaQ7z","workflowName":"challenge_workflow_2025_06_18","executionId":"21","nodeType":"n8n-nodes-base.manualTrigger","nodeName":"When clicking ‘Execute workflow’"}}
{"__type":"$$EventMessageConfirm","confirm":"b9a01caa-76d7-4432-890f-ede5135dcf8c","ts":"2025-06-03T02:52:22.862+00:00","source":{"id":"0","name":"eventBus"}}
{"__type":"$$EventMessageNode","id":"30618081-e7b5-4f3d-86ba-7071f66d980a","ts":"2025-06-03T02:52:22.863+00:00","eventName":"n8n.node.started","message":"n8n.node.started","payload":{"workflowId":"hlHXFmE1gKadaQ7z","workflowName":"challenge_workflow_2025_06_18","executionId":"21","nodeType":"n8n-nodes-base.readWriteFile","nodeName":"Read/Write Files from Disk"}}
{"__type":"$$EventMessageConfirm","confirm":"30618081-e7b5-4f3d-86ba-7071f66d980a","ts":"2025-06-03T02:52:22.863+00:00","source":{"id":"0","name":"eventBus"}}
{"__type":"$$EventMessageNode","id":"cdb6b38c-d33c-4b65-a726-d8ce3d7c9ac3","ts":"2025-06-03T02:52:22.873+00:00","eventName":"n8n.node.finished","message":"n8n.node.finished","payload":{"workflowId":"hlHXFmE1gKadaQ7z","workflowName":"challenge_workflow_2025_06_18","executionId":"21","nodeType":"n8n-nodes-base.readWriteFile","nodeName":"Read/Write Files from Disk"}}
{"__type":"$$EventMessageConfirm","confirm":"cdb6b38c-d33c-4b65-a726-d8ce3d7c9ac3","ts":"2025-06-03T02:52:22.873+00:00","source":{"id":"0","name":"eventBus"}}
{"__type":"$$EventMessageWorkflow","id":"3ac560b3-ce0b-4a11-a5da-59b6f92cc7ef","ts":"2025-06-03T02:52:22.878+00:00","eventName":"n8n.workflow.success","message":"n8n.workflow.success","payload":{"executionId":"21","userId":"d3493d16-6984-445d-a6cd-34a8ae53881e","success":true,"isManual":true,"workflowId":"hlHXFmE1gKadaQ7z","workflowName":"challenge_workflow_2025_06_18"}}
{"__type":"$$EventMessageConfirm","confirm":"3ac560b3-ce0b-4a11-a5da-59b6f92cc7ef","ts":"2025-06-03T02:52:22.878+00:00","source":{"id":"0","name":"eventBus"}}
{"__type":"$$EventMessageWorkflow","id":"3f3cba18-8477-437d-8034-66f7560b4c06","ts":"2025-06-03T02:52:49.411+00:00","eventName":"n8n.workflow.started","message":"n8n.workflow.started","payload":{"executionId":"22","workflowId":"hlHXFmE1gKadaQ7z","isManual":false,"workflowName":"challenge_workflow_2025_06_18"}}
{"__type":"$$EventMessageConfirm","confirm":"3f3cba18-8477-437d-8034-66f7560b4c06","ts":"2025-06-03T02:52:49.412+00:00","source":{"id":"0","name":"eventBus"}}
{"__type":"$$EventMessageNode","id":"c1944186-f295-431d-8eb1-8ef604d49cd3","ts":"2025-06-03T02:52:49.413+00:00","eventName":"n8n.node.started","message":"n8n.node.started","payload":{"workflowId":"hlHXFmE1gKadaQ7z","workflowName":"challenge_workflow_2025_06_18","executionId":"22","nodeType":"n8n-nodes-base.readWriteFile","nodeName":"Read/Write Files from Disk"}}
{"__type":"$$EventMessageConfirm","confirm":"c1944186-f295-431d-8eb1-8ef604d49cd3","ts":"2025-06-03T02:52:49.413+00:00","source":{"id":"0","name":"eventBus"}}
{"__type":"$$EventMessageNode","id":"d137a40e-0c02-4ad3-bafd-42cd4428b241","ts":"2025-06-03T02:52:49.462+00:00","eventName":"n8n.node.finished","message":"n8n.node.finished","payload":{"workflowId":"hlHXFmE1gKadaQ7z","workflowName":"challenge_workflow_2025_06_18","executionId":"22","nodeType":"n8n-nodes-base.readWriteFile","nodeName":"Read/Write Files from Disk"}}
{"__type":"$$EventMessageConfirm","confirm":"d137a40e-0c02-4ad3-bafd-42cd4428b241","ts":"2025-06-03T02:52:49.463+00:00","source":{"id":"0","name":"eventBus"}}
{"__type":"$$EventMessageWorkflow","id":"6fa261e5-808a-40b2-9fd0-1340ce0402dc","ts":"2025-06-03T02:52:49.467+00:00","eventName":"n8n.workflow.failed","message":"n8n.workflow.failed","payload":{"executionId":"22","userId":"d3493d16-6984-445d-a6cd-34a8ae53881e","success":false,"isManual":true,"workflowId":"hlHXFmE1gKadaQ7z","workflowName":"challenge_workflow_2025_06_18","lastNodeExecuted":"Read/Write Files from Disk","errorNodeType":"n8n-nodes-base.readWriteFile","errorMessage":"Access to the file is not allowed."}}
{"__type":"$$EventMessageConfirm","confirm":"6fa261e5-808a-40b2-9fd0-1340ce0402dc","ts":"2025-06-03T02:52:49.467+00:00","source":{"id":"0","name":"eventBus"}}
{"__type":"$$EventMessageWorkflow","id":"07887fa7-67b3-458a-9c2a-63ef751b94e6","ts":"2025-06-03T02:53:41.222+00:00","eventName":"n8n.workflow.started","message":"n8n.workflow.started","payload":{"executionId":"23","workflowId":"hlHXFmE1gKadaQ7z","isManual":false,"workflowName":"challenge_workflow_2025_06_18"}}
{"__type":"$$EventMessageConfirm","confirm":"07887fa7-67b3-458a-9c2a-63ef751b94e6","ts":"2025-06-03T02:53:41.222+00:00","source":{"id":"0","name":"eventBus"}}
{"__type":"$$EventMessageNode","id":"cffe9f42-aac0-490b-8540-05f85cb53538","ts":"2025-06-03T02:53:41.224+00:00","eventName":"n8n.node.started","message":"n8n.node.started","payload":{"workflowId":"hlHXFmE1gKadaQ7z","workflowName":"challenge_workflow_2025_06_18","executionId":"23","nodeType":"n8n-nodes-base.readWriteFile","nodeName":"Read/Write Files from Disk"}}
{"__type":"$$EventMessageConfirm","confirm":"cffe9f42-aac0-490b-8540-05f85cb53538","ts":"2025-06-03T02:53:41.224+00:00","source":{"id":"0","name":"eventBus"}}
{"__type":"$$EventMessageNode","id":"c4cda7c5-f8d1-44cf-85b3-fc0d49a7a29e","ts":"2025-06-03T02:53:41.247+00:00","eventName":"n8n.node.finished","message":"n8n.node.finished","payload":{"workflowId":"hlHXFmE1gKadaQ7z","workflowName":"challenge_workflow_2025_06_18","executionId":"23","nodeType":"n8n-nodes-base.readWriteFile","nodeName":"Read/Write Files from Disk"}}
{"__type":"$$EventMessageConfirm","confirm":"c4cda7c5-f8d1-44cf-85b3-fc0d49a7a29e","ts":"2025-06-03T02:53:41.248+00:00","source":{"id":"0","name":"eventBus"}}
{"__type":"$$EventMessageWorkflow","id":"205b8a69-16ec-4015-8fa2-a805c0e6f152","ts":"2025-06-03T02:53:41.252+00:00","eventName":"n8n.workflow.failed","message":"n8n.workflow.failed","payload":{"executionId":"23","userId":"d3493d16-6984-445d-a6cd-34a8ae53881e","success":false,"isManual":true,"workflowId":"hlHXFmE1gKadaQ7z","workflowName":"challenge_workflow_2025_06_18","lastNodeExecuted":"Read/Write Files from Disk","errorNodeType":"n8n-nodes-base.readWriteFile","errorMessage":"Access to the file is not allowed."}}
{"__type":"$$EventMessageConfirm","confirm":"205b8a69-16ec-4015-8fa2-a805c0e6f152","ts":"2025-06-03T02:53:41.252+00:00","source":{"id":"0","name":"eventBus"}}
